{"level":"error","message":"Mon Apr 29 2024 17:55:59 GMT-0300 (Brasilia Standard Time)-{\"name\":\"Data Not found\",\"statusCode\":{},\"isOperational\":true}","private":true}
{"level":"error","message":"Mon Apr 29 2024 17:56:48 GMT-0300 (Brasilia Standard Time)-{\"name\":\"Data Not found\",\"statusCode\":{},\"isOperational\":true}","private":true}
{"level":"error","message":"Mon Apr 29 2024 18:00:48 GMT-0300 (Brasilia Standard Time)-{}","private":true}
{"level":"error","message":"Mon Apr 29 2024 18:01:27 GMT-0300 (Brasilia Standard Time)-{}","private":true}
{"level":"error","message":"Tue Apr 30 2024 15:15:47 GMT-0300 (Brasilia Standard Time)-{}","private":true}
{"level":"error","message":"Wed May 01 2024 13:13:20 GMT-0300 (Brasilia Standard Time)-{\"name\":\"Data Not found\",\"statusCode\":{},\"isOperational\":true}","private":true}
{"level":"error","message":"Wed May 01 2024 13:14:01 GMT-0300 (Brasilia Standard Time)-{\"name\":\"Data Not found\",\"statusCode\":{},\"isOperational\":true}","private":true}
{"level":"error","message":"Wed May 01 2024 13:17:17 GMT-0300 (Brasilia Standard Time)-{\"name\":\"Data Not found\",\"statusCode\":{},\"isOperational\":true}","private":true}
{"level":"error","message":"Wed May 01 2024 13:23:14 GMT-0300 (Brasilia Standard Time)-{\"name\":\"Data Not found\",\"statusCode\":{},\"isOperational\":true}","private":true}
{"level":"error","message":"Wed May 01 2024 13:24:01 GMT-0300 (Brasilia Standard Time)-{\"name\":\"Data Not found\",\"statusCode\":{},\"isOperational\":true}","private":true}
{"level":"error","message":"Wed May 01 2024 13:56:04 GMT-0300 (Brasilia Standard Time)-{\"name\":\"Data Not found\",\"statusCode\":{},\"isOperational\":true}","private":true}
{"level":"error","message":"Wed May 01 2024 13:57:18 GMT-0300 (Brasilia Standard Time)-{\"name\":\"Data Not found\",\"statusCode\":{},\"isOperational\":true}","private":true}
{"level":"error","message":"Wed May 01 2024 13:58:35 GMT-0300 (Brasilia Standard Time)-{\"name\":\"Data Not found\",\"statusCode\":{},\"isOperational\":true}","private":true}
{"level":"error","message":"Wed May 01 2024 13:59:19 GMT-0300 (Brasilia Standard Time)-{\"name\":\"Data Not found\",\"statusCode\":{},\"isOperational\":true}","private":true}
{"level":"error","message":"Wed May 01 2024 14:00:06 GMT-0300 (Brasilia Standard Time)-{\"name\":\"Data Not found\",\"statusCode\":{},\"isOperational\":true}","private":true}
{"level":"error","message":"Wed May 01 2024 14:02:15 GMT-0300 (Brasilia Standard Time)-{\"name\":\"Data Not found\",\"statusCode\":{},\"isOperational\":true}","private":true}
{"level":"error","message":"Wed May 01 2024 14:06:08 GMT-0300 (Brasilia Standard Time)-{\"name\":\"Data Not found\",\"statusCode\":{},\"isOperational\":true}","private":true}
{"level":"error","message":"Wed May 01 2024 14:09:44 GMT-0300 (Brasilia Standard Time)-{\"name\":\"Data Not found\",\"statusCode\":{},\"isOperational\":true}","private":true}
{"level":"error","message":"Wed May 01 2024 14:17:31 GMT-0300 (Brasilia Standard Time)-{\"name\":\"Data Not found\",\"statusCode\":{},\"isOperational\":true}","private":true}
{"level":"error","message":"Wed May 01 2024 14:21:22 GMT-0300 (Brasilia Standard Time)-{\"name\":\"Data Not found\",\"statusCode\":{},\"isOperational\":true}","private":true}
{"level":"error","message":"Wed May 01 2024 14:21:48 GMT-0300 (Brasilia Standard Time)-{\"name\":\"Data Not found\",\"statusCode\":{},\"isOperational\":true}","private":true}
{"level":"error","message":"Wed May 01 2024 14:24:29 GMT-0300 (Brasilia Standard Time)-{\"name\":\"Data Not found\",\"statusCode\":{},\"isOperational\":true}","private":true}
{"level":"error","message":"Wed May 01 2024 14:30:37 GMT-0300 (Brasilia Standard Time)-{\"name\":\"Data Not found\",\"statusCode\":{},\"isOperational\":true}","private":true}
{"level":"error","message":"Wed May 01 2024 14:32:50 GMT-0300 (Brasilia Standard Time)-{\"name\":\"Data Not found\",\"statusCode\":{},\"isOperational\":true}","private":true}
{"level":"error","message":"Wed May 01 2024 14:33:17 GMT-0300 (Brasilia Standard Time)-{\"name\":\"Data Not found\",\"statusCode\":{},\"isOperational\":true}","private":true}
{"level":"error","message":"Wed May 01 2024 14:42:34 GMT-0300 (Brasilia Standard Time)-{\"name\":\"Data Not found\",\"statusCode\":{},\"isOperational\":true}","private":true}
{"level":"error","message":"Wed May 01 2024 14:43:01 GMT-0300 (Brasilia Standard Time)-{\"name\":\"Data Not found\",\"statusCode\":{},\"isOperational\":true}","private":true}
{"level":"error","message":"Wed May 01 2024 14:44:14 GMT-0300 (Brasilia Standard Time)-{\"name\":\"Data Not found\",\"statusCode\":{},\"isOperational\":true}","private":true}
{"level":"error","message":"Thu May 09 2024 13:41:40 GMT-0300 (Brasilia Standard Time)-{\"name\":\"Data Not found\",\"statusCode\":{},\"isOperational\":true}","private":true}
{"level":"error","message":"Thu May 09 2024 13:59:18 GMT-0300 (Brasilia Standard Time)-{\"name\":\"Data Not found\",\"statusCode\":{},\"isOperational\":true}","private":true}
{"level":"error","message":"Thu May 09 2024 14:06:25 GMT-0300 (Brasilia Standard Time)-{\"name\":\"Data Not found\",\"statusCode\":{},\"isOperational\":true}","private":true}
{"level":"error","message":"Thu May 09 2024 14:09:14 GMT-0300 (Brasilia Standard Time)-{\"name\":\"Data Not found\",\"statusCode\":{},\"isOperational\":true}","private":true}
